<?xml version="1.0" encoding="UTF-8"?>
<testsuite xmlns:xsi="http://www.w3.org/2001/XMLSchema-instance" xsi:noNamespaceSchemaLocation="https://maven.apache.org/surefire/maven-surefire-plugin/xsd/surefire-test-report-3.0.xsd" version="3.0" name="school21.spring.service.services.UsersServiceImplTest" time="0.458" tests="7" errors="0" skipped="0" failures="0">
  <properties>
[...]
</properties>
  <testcase name="getConnection" classname="school21.spring.service.services.UsersServiceImplTest" time="0.011">
    <system-err><![CDATA[[main] INFO org.springframework.jdbc.datasource.embedded.EmbeddedDatabaseFactory - Starting embedded database: url='jdbc:hsqldb:mem:testdb', username='sa'
]]></system-err>
  </testcase>
  <testcase name="isSignedUp(String)[1]" classname="school21.spring.service.services.UsersServiceImplTest" time="0.016">
    <system-err><![CDATA[unexpected token : FC4845A7 required: )
]]></system-err>
  </testcase>
  <testcase name="isSignedUp(String)[2]" classname="school21.spring.service.services.UsersServiceImplTest" time="0.001">
    <system-err><![CDATA[unexpected token : BDE39200 required: )
]]></system-err>
  </testcase>
  <testcase name="isSignedUp(String)[3]" classname="school21.spring.service.services.UsersServiceImplTest" time="0.002">
    <system-err><![CDATA[unexpected token : 355 required: )
]]></system-err>
  </testcase>
  <testcase name="isSignedUpTemplate(String)[1]" classname="school21.spring.service.services.UsersServiceImplTest" time="0.01"/>
  <testcase name="isSignedUpTemplate(String)[2]" classname="school21.spring.service.services.UsersServiceImplTest" time="0.001"/>
  <testcase name="isSignedUpTemplate(String)[3]" classname="school21.spring.service.services.UsersServiceImplTest" time="0.002"/>
</testsuite>