-------------------------------------------------------------------------------
Test set: edu.school21.repositories.ProductsRepositoryJdbcImplTest
-------------------------------------------------------------------------------
Tests run: 5, Failures: 2, Errors: 0, Skipped: 0, Time elapsed: 0.027 s <<< FAILURE! - in edu.school21.repositories.ProductsRepositoryJdbcImplTest
edu.school21.repositories.ProductsRepositoryJdbcImplTest.findAllTest  Time elapsed: 0.004 s  <<< FAILURE!
org.opentest4j.AssertionFailedError: 
expected: <[Product{ 
id=1, name='a', price=1}, Product{ 
id=2, name='b', price=2}, Product{ 
id=3, name='c', price=3}, Product{ 
id=4, name='d', price=4}, Product{ 
id=5, name='e', price=5}, Product{ 
id=6, name='f', price=6}]> but was: <[Product{ 
id=1, name='a', price=1}, Product{ 
id=2, name='b', price=2}, Product{ 
id=3, name='c', price=3}, Product{ 
id=4, name='d', price=4}, Product{ 
id=6, name='f', price=6}, Product{ 
id=1, name='a', price=1}, Product{ 
id=2, name='b', price=2}, Product{ 
id=3, name='c', price=3}, Product{ 
id=4, name='d', price=4}, Product{ 
id=6, name='f', price=6}, Product{ 
id=7, name='saved', price=7}, Product{ 
id=1, name='a', price=1}, Product{ 
id=2, name='b', price=2}, Product{ 
id=3, name='c', price=3}, Product{ 
id=4, name='d', price=4}, Product{ 
id=6, name='f', price=6}, Product{ 
id=5, name='edited', price=5}, Product{ 
id=5, name='edited', price=5}, Product{ 
id=5, name='edited', price=5}, Product{ 
id=1, name='a', price=1}, Product{ 
id=2, name='b', price=2}, Product{ 
id=3, name='c', price=3}, Product{ 
id=4, name='d', price=4}, Product{ 
id=5, name='e', price=5}, Product{ 
id=6, name='f', price=6}]>
	at edu.school21.repositories.ProductsRepositoryJdbcImplTest.findAllTest(ProductsRepositoryJdbcImplTest.java:56)

edu.school21.repositories.ProductsRepositoryJdbcImplTest.deleteTest  Time elapsed: 0.003 s  <<< FAILURE!
org.opentest4j.AssertionFailedError: 
expected: <[Product{ 
id=1, name='a', price=1}, Product{ 
id=2, name='b', price=2}, Product{ 
id=4, name='d', price=4}, Product{ 
id=5, name='e', price=5}, Product{ 
id=6, name='f', price=6}]> but was: <[Product{ 
id=1, name='a', price=1}, Product{ 
id=2, name='b', price=2}, Product{ 
id=4, name='d', price=4}, Product{ 
id=6, name='f', price=6}, Product{ 
id=1, name='a', price=1}, Product{ 
id=2, name='b', price=2}, Product{ 
id=4, name='d', price=4}, Product{ 
id=6, name='f', price=6}, Product{ 
id=7, name='saved', price=7}, Product{ 
id=1, name='a', price=1}, Product{ 
id=2, name='b', price=2}, Product{ 
id=4, name='d', price=4}, Product{ 
id=6, name='f', price=6}, Product{ 
id=5, name='edited', price=5}, Product{ 
id=5, name='edited', price=5}, Product{ 
id=5, name='edited', price=5}, Product{ 
id=1, name='a', price=1}, Product{ 
id=2, name='b', price=2}, Product{ 
id=4, name='d', price=4}, Product{ 
id=5, name='e', price=5}, Product{ 
id=6, name='f', price=6}, Product{ 
id=1, name='a', price=1}, Product{ 
id=2, name='b', price=2}, Product{ 
id=4, name='d', price=4}, Product{ 
id=5, name='e', price=5}, Product{ 
id=6, name='f', price=6}, Product{ 
id=1, name='a', price=1}, Product{ 
id=2, name='b', price=2}, Product{ 
id=4, name='d', price=4}, Product{ 
id=5, name='e', price=5}, Product{ 
id=6, name='f', price=6}]>
	at edu.school21.repositories.ProductsRepositoryJdbcImplTest.deleteTest(ProductsRepositoryJdbcImplTest.java:80)

